<?xml version="1.0" encoding="UTF-8"?>
<!-- Generated by org.testng.reporters.JUnitReportReporter -->
<testsuite hostname="sjcnayasr01-mac.local" name="com.facebook.tests.TestHomePage" tests="1" failures="0" timestamp="25 Sep 2019 16:46:11 GMT" time="3.473" errors="0">
  <testcase name="testUserLogin" time="3.473" classname="com.facebook.tests.TestHomePage"/>
</testsuite>
