<?xml version="1.0" encoding="UTF-8"?>
<!-- Generated by org.testng.reporters.JUnitReportReporter -->
<testsuite hostname="sjcnayasr01-mac.local" name="com.facebook.tests.BasicSeleniumTest" tests="1" failures="0" timestamp="18 Sep 2019 20:00:50 GMT" time="9.071" errors="0">
  <testcase name="basicTest" time="9.071" classname="com.facebook.tests.BasicSeleniumTest"/>
</testsuite>
