<?xml version="1.0" encoding="UTF-8"?>
<!-- Generated by org.testng.reporters.JUnitReportReporter -->
<testsuite hostname="sjcnayasr01-mac.local" name="com.facebook.tests.BasicSeleniumTest" tests="1" failures="0" timestamp="25 May 2019 06:56:30 GMT" time="7.048" errors="0">
  <testcase name="basicTest" time="7.048" classname="com.facebook.tests.BasicSeleniumTest"/>
</testsuite>
