<?xml version="1.0" encoding="UTF-8"?>
<!-- Generated by org.testng.reporters.JUnitReportReporter -->
<testsuite hostname="sjcnayasr01-mac.local" name="com.facebook.tests.FirefoxTest" tests="1" failures="0" timestamp="25 May 2019 06:58:33 GMT" time="2.595" errors="0">
  <testcase name="testUserLogin" time="2.595" classname="com.facebook.tests.FirefoxTest"/>
</testsuite>
