<?xml version="1.0" encoding="UTF-8"?>
<!-- Generated by org.testng.reporters.JUnitReportReporter -->
<testsuite hostname="sjcnayasr01-mac.attlocal.net" name="com.examples.selenium.locators.assertTable" tests="1" failures="0" timestamp="1 Jun 2019 01:40:22 GMT" time="3.316" errors="0">
  <testcase name="testAssertTable" time="3.316" classname="com.examples.selenium.locators.assertTable"/>
</testsuite>
