<?xml version="1.0" encoding="UTF-8"?>
<!-- Generated by org.testng.reporters.JUnitReportReporter -->
<testsuite hostname="sjcnayasr01-mac.local" name="com.facebook.tests.FirefoxTest" tests="1" failures="0" timestamp="24 Sep 2019 01:31:36 GMT" time="3.628" errors="0">
  <testcase name="testUserLoginParamsUsinIdCss" time="3.628" classname="com.facebook.tests.FirefoxTest"/>
</testsuite>
