<?xml version="1.0" encoding="UTF-8"?>
<!-- Generated by org.testng.reporters.JUnitReportReporter -->
<testsuite hostname="sjcnayasr01-mac.local" name="com.guru99.tests.Test99GuruHomePage" tests="1" failures="0" timestamp="31 May 2019 19:59:54 GMT" time="0.074" errors="0">
  <testcase name="test_Home_Page_DashBoard_UserName" time="0.074" classname="com.guru99.tests.Test99GuruHomePage"/>
</testsuite>
